[2026-04-04 19:31:20] botao manual: verificando
[2026-04-04 19:31:20] check_for_update iniciado — versão atual: 1.0.0
[2026-04-04 19:31:20] certifi.where() = 'C:\\#códigos\\automacao-compras-edyplaneajdos\\.venv\\Lib\\site-packages\\certifi\\cacert.pem' | exists=True
[2026-04-04 19:31:20] GET https://api.github.com/repos/kev-wmv/automacao-compras-edyplaneajdos/releases/latest
[2026-04-04 19:31:20] latest_tag='1.1.0'
[2026-04-04 19:31:20] exe_url='https://github.com/kev-wmv/automacao-compras-edyplaneajdos/releases/download/v1.1.0/EncomendasEdy.exe'
[2026-04-04 19:31:20] latest=1.1.0 current=1.0.0 newer=True
[2026-04-04 19:31:20] botao manual: atualizacao v1.1.0
[2026-04-04 19:31:21] startup check iniciado
[2026-04-04 19:31:21] check_for_update iniciado — versão atual: 1.0.0
[2026-04-04 19:31:21] certifi.where() = 'C:\\#códigos\\automacao-compras-edyplaneajdos\\.venv\\Lib\\site-packages\\certifi\\cacert.pem' | exists=True
[2026-04-04 19:31:21] GET https://api.github.com/repos/kev-wmv/automacao-compras-edyplaneajdos/releases/latest
[2026-04-04 19:31:21] latest_tag='1.1.0'
[2026-04-04 19:31:21] exe_url='https://github.com/kev-wmv/automacao-compras-edyplaneajdos/releases/download/v1.1.0/EncomendasEdy.exe'
[2026-04-04 19:31:21] latest=1.1.0 current=1.0.0 newer=True
[2026-04-04 19:31:21] startup: atualizacao encontrada v1.1.0
[2026-04-04 19:31:33] botao manual: verificando
[2026-04-04 19:31:33] check_for_update iniciado — versão atual: 1.0.0
[2026-04-04 19:31:33] certifi.where() = 'C:\\#códigos\\automacao-compras-edyplaneajdos\\.venv\\Lib\\site-packages\\certifi\\cacert.pem' | exists=True
[2026-04-04 19:31:33] GET https://api.github.com/repos/kev-wmv/automacao-compras-edyplaneajdos/releases/latest
[2026-04-04 19:31:34] latest_tag='1.1.0'
[2026-04-04 19:31:34] exe_url='https://github.com/kev-wmv/automacao-compras-edyplaneajdos/releases/download/v1.1.0/EncomendasEdy.exe'
[2026-04-04 19:31:34] latest=1.1.0 current=1.0.0 newer=True
[2026-04-04 19:31:34] botao manual: atualizacao v1.1.0
[2026-04-04 19:33:42] startup check iniciado
[2026-04-04 19:33:42] check_for_update iniciado — versão atual: 1.0.0
[2026-04-04 19:33:42] certifi.where() = 'C:\\#códigos\\automacao-compras-edyplaneajdos\\.venv\\Lib\\site-packages\\certifi\\cacert.pem' | exists=True
[2026-04-04 19:33:42] GET https://api.github.com/repos/kev-wmv/automacao-compras-edyplaneajdos/releases/latest
[2026-04-04 19:33:43] latest_tag='1.1.0'
[2026-04-04 19:33:43] exe_url='https://github.com/kev-wmv/automacao-compras-edyplaneajdos/releases/download/v1.1.0/EncomendasEdy.exe'
[2026-04-04 19:33:43] latest=1.1.0 current=1.0.0 newer=True
[2026-04-04 19:33:43] startup: atualizacao encontrada v1.1.0
[2026-04-04 19:33:47] botao manual: verificando
[2026-04-04 19:33:47] check_for_update iniciado — versão atual: 1.0.0
[2026-04-04 19:33:47] certifi.where() = 'C:\\#códigos\\automacao-compras-edyplaneajdos\\.venv\\Lib\\site-packages\\certifi\\cacert.pem' | exists=True
[2026-04-04 19:33:47] GET https://api.github.com/repos/kev-wmv/automacao-compras-edyplaneajdos/releases/latest
[2026-04-04 19:33:47] latest_tag='1.1.0'
[2026-04-04 19:33:47] exe_url='https://github.com/kev-wmv/automacao-compras-edyplaneajdos/releases/download/v1.1.0/EncomendasEdy.exe'
[2026-04-04 19:33:47] latest=1.1.0 current=1.0.0 newer=True
[2026-04-04 19:33:47] botao manual: atualizacao v1.1.0
[2026-04-04 19:33:57] botao manual: verificando
[2026-04-04 19:33:57] check_for_update iniciado — versão atual: 1.0.0
[2026-04-04 19:33:57] certifi.where() = 'C:\\#códigos\\automacao-compras-edyplaneajdos\\.venv\\Lib\\site-packages\\certifi\\cacert.pem' | exists=True
[2026-04-04 19:33:57] GET https://api.github.com/repos/kev-wmv/automacao-compras-edyplaneajdos/releases/latest
[2026-04-04 19:33:57] latest_tag='1.1.0'
[2026-04-04 19:33:57] exe_url='https://github.com/kev-wmv/automacao-compras-edyplaneajdos/releases/download/v1.1.0/EncomendasEdy.exe'
[2026-04-04 19:33:57] latest=1.1.0 current=1.0.0 newer=True
[2026-04-04 19:33:57] botao manual: atualizacao v1.1.0
[2026-04-04 19:35:21] startup check iniciado
[2026-04-04 19:35:21] check_for_update iniciado — versão atual: 1.0.0
[2026-04-04 19:35:21] certifi.where() = 'C:\\#códigos\\automacao-compras-edyplaneajdos\\.venv\\Lib\\site-packages\\certifi\\cacert.pem' | exists=True
[2026-04-04 19:35:21] GET https://api.github.com/repos/kev-wmv/automacao-compras-edyplaneajdos/releases/latest
[2026-04-04 19:35:21] latest_tag='1.1.0'
[2026-04-04 19:35:21] exe_url='https://github.com/kev-wmv/automacao-compras-edyplaneajdos/releases/download/v1.1.0/EncomendasEdy.exe'
[2026-04-04 19:35:21] latest=1.1.0 current=1.0.0 newer=True
[2026-04-04 19:35:21] startup: atualizacao encontrada v1.1.0
[2026-04-04 19:35:25] botao manual: verificando
[2026-04-04 19:35:25] check_for_update iniciado — versão atual: 1.0.0
[2026-04-04 19:35:25] certifi.where() = 'C:\\#códigos\\automacao-compras-edyplaneajdos\\.venv\\Lib\\site-packages\\certifi\\cacert.pem' | exists=True
[2026-04-04 19:35:25] GET https://api.github.com/repos/kev-wmv/automacao-compras-edyplaneajdos/releases/latest
[2026-04-04 19:35:25] latest_tag='1.1.0'
[2026-04-04 19:35:25] exe_url='https://github.com/kev-wmv/automacao-compras-edyplaneajdos/releases/download/v1.1.0/EncomendasEdy.exe'
[2026-04-04 19:35:25] latest=1.1.0 current=1.0.0 newer=True
[2026-04-04 19:35:25] botao manual: atualizacao v1.1.0
[2026-04-04 19:35:27] botao manual: verificando
[2026-04-04 19:35:27] check_for_update iniciado — versão atual: 1.0.0
[2026-04-04 19:35:27] certifi.where() = 'C:\\#códigos\\automacao-compras-edyplaneajdos\\.venv\\Lib\\site-packages\\certifi\\cacert.pem' | exists=True
[2026-04-04 19:35:27] GET https://api.github.com/repos/kev-wmv/automacao-compras-edyplaneajdos/releases/latest
[2026-04-04 19:35:27] latest_tag='1.1.0'
[2026-04-04 19:35:27] exe_url='https://github.com/kev-wmv/automacao-compras-edyplaneajdos/releases/download/v1.1.0/EncomendasEdy.exe'
[2026-04-04 19:35:27] latest=1.1.0 current=1.0.0 newer=True
[2026-04-04 19:35:27] botao manual: atualizacao v1.1.0
